<?xml version="1.0" encoding="UTF-8"?>
<!-- Generated by org.testng.reporters.JUnitReportReporter -->
<testsuite hostname="Renukas-Air.fios-router.home" name="com.selenium.gmail.testcases.LoginTest" tests="1" failures="0" timestamp="19 Jan 2017 23:25:14 GMT" time="5.936" errors="0">
  <testcase name="doLoginTest" time="5.936" classname="com.selenium.gmail.testcases.LoginTest"/>
</testsuite> <!-- com.selenium.gmail.testcases.LoginTest -->
