<?xml version="1.0" encoding="UTF-8"?>
<!-- Generated by org.testng.reporters.JUnitReportReporter -->
<testsuite hostname="Renukas-Air.fios-router.home" name="com.selenium.gmail.testcases.FileUpload" tests="1" failures="0" timestamp="19 Jan 2017 23:48:36 GMT" time="23.678" errors="0">
  <testcase name="fileUpload" time="23.678" classname="com.selenium.gmail.testcases.FileUpload"/>
</testsuite> <!-- com.selenium.gmail.testcases.FileUpload -->
