<?xml version="1.0" encoding="UTF-8"?>
<!-- Generated by org.testng.reporters.JUnitReportReporter -->
<testsuite hostname="Renukas-MacBook-Air.local" name="com.selenium.gmail.testcases.SearchButtonTest" tests="1" failures="0" timestamp="20 Jan 2017 21:15:02 GMT" time="13.689" errors="0">
  <testcase name="searchButtonTest" time="13.689" classname="com.selenium.gmail.testcases.SearchButtonTest"/>
</testsuite> <!-- com.selenium.gmail.testcases.SearchButtonTest -->
